2025-06-28 04:44:53,239 - INFO - Found 28 .txt files to process
2025-06-28 04:44:53,244 - INFO - Processing putusan_110_k_pid.sus_2024_20250627211850_20250628044227.txt
2025-06-28 04:44:53,259 - INFO - Processing putusan_113_k_pid.sus_2020_20250627212440_20250628044228.txt
2025-06-28 04:44:53,307 - INFO - Processing putusan_113_k_pid.sus_2020_20250627212658_20250628044228.txt
2025-06-28 04:44:53,330 - INFO - Processing putusan_140_pid.sus-tpk_2023_pn_sby_20250627211654_20250628044239.txt
2025-06-28 04:44:53,561 - INFO - Processing putusan_14_pid.tpk_2023_pt_plg_20250627211725_20250628044241.txt
2025-06-28 04:44:53,612 - INFO - Processing putusan_2773_k_pid.sus_2019_20250627212948_20250628044242.txt
2025-06-28 04:44:53,646 - INFO - Processing putusan_2_pid.sus-tpk_2023_pt_btn_20250627211641_20250628044245.txt
2025-06-28 04:44:53,741 - INFO - Processing putusan_35_pid.sus-tpk_2020_pn_sby_20250627211917_20250628044259.txt
2025-06-28 04:44:54,001 - INFO - Processing putusan_35_pid.sus-tpk_2020_pn_sby_20250627212101_20250628044315.txt
2025-06-28 04:44:54,281 - INFO - Processing putusan_35_pid.sus-tpk_2020_pn_sby_20250627212358_20250628044330.txt
2025-06-28 04:44:54,521 - INFO - Processing putusan_364_k_pid.sus_2016_20250627212601_20250628044333.txt
2025-06-28 04:44:54,587 - INFO - Processing putusan_3849_k_pid.sus_2019_20250627211437_20250628044334.txt
2025-06-28 04:44:54,637 - INFO - Processing putusan_3849_k_pid.sus_2019_20250627211447_20250628044335.txt
2025-06-28 04:44:54,679 - INFO - Processing putusan_3849_k_pid.sus_2019_20250627212206_20250628044337.txt
2025-06-28 04:44:54,716 - INFO - Processing putusan_3849_k_pid.sus_2019_20250627212736_20250628044339.txt
2025-06-28 04:44:54,755 - INFO - Processing putusan_417_k_pid.sus_2014_20250627211647_20250628044341.txt
2025-06-28 04:44:54,813 - INFO - Processing putusan_417_k_pid.sus_2014_20250627212439_20250628044344.txt
2025-06-28 04:44:54,862 - INFO - Processing putusan_4965_k_pid.sus_2023_20250627211424_20250628044344.txt
2025-06-28 04:44:54,887 - INFO - Processing putusan_4965_k_pid.sus_2023_20250627212215_20250628044345.txt
2025-06-28 04:44:54,909 - INFO - Processing putusan_4965_k_pid.sus_2023_20250627212547_20250628044345.txt
2025-06-28 04:44:54,931 - INFO - Processing putusan_4965_k_pid.sus_2023_20250627212829_20250628044346.txt
2025-06-28 04:44:54,953 - INFO - Processing putusan_5456_k_pid.sus_2022_20250627212628_20250628044346.txt
2025-06-28 04:44:54,977 - INFO - Processing putusan_57_pid.sus-tpk_2022_pn_pbr_20250627211336_20250628044353.txt
2025-06-28 04:44:55,100 - INFO - Processing putusan_57_pid.sus-tpk_2022_pn_pbr_20250627211815_20250628044402.txt
2025-06-28 04:44:55,217 - INFO - Processing putusan_6030_k_pid.sus_2023_20250627212531_20250628044402.txt
2025-06-28 04:44:55,246 - INFO - Processing putusan_6092_k_pid.sus_2024_20250627212731_20250628044403.txt
2025-06-28 04:44:55,273 - INFO - Processing putusan_751_k_pid.sus_2023_20250627211512_20250628044403.txt
2025-06-28 04:44:55,300 - INFO - Processing putusan_751_k_pid.sus_2023_20250627212318_20250628044404.txt
2025-06-28 04:44:55,332 - INFO - Successfully saved 28 cases to data\processed\cases.json
